Arguments: 
  /usr/bin/node /usr/local/bin/yarn install

PATH: 
  /usr/local/sbin:/usr/local/bin:/usr/sbin:/usr/bin:/sbin:/bin:/usr/games:/usr/local/games:/snap/bin:/usr/local/go/bin

Yarn version: 
  1.22.4

Node version: 
  12.18.1

Platform: 
  linux x64

Trace: 
  SyntaxError: /home/daniel/dev/plugin/grafana6/Grafana_Status_panel/package.json: Unexpected token } in JSON at position 1004
      at JSON.parse (<anonymous>)
      at /usr/local/lib/node_modules/yarn/lib/cli.js:1625:59
      at Generator.next (<anonymous>)
      at step (/usr/local/lib/node_modules/yarn/lib/cli.js:310:30)
      at /usr/local/lib/node_modules/yarn/lib/cli.js:321:13

npm manifest: 
  {
    "name": "vonage-status-panel",
    "private": true,
    "version": "1.0.8",
    "description": "",
    "repository": {
      "type": "git",
      "url": "git+https://github.com/Vonage/Grafana_Status_panel.git"
    },
    "author": "",
    "license": "ISC",
    "devDependencies": {
      "babel": "~6.5.1",
      "grunt": "^1.0.3",
      "grunt-babel": "~6.0.0",
      "grunt-contrib-clean": "~0.6.0",
      "grunt-contrib-copy": "~0.8.2",
      "grunt-contrib-sass": "^1.0.0",
      "grunt-contrib-uglify": "~0.11.0",
      "grunt-contrib-watch": "^1.1.0",
      "grunt-execute": "~0.2.2",
      "grunt-systemjs-builder": "^0.2.5",
      "load-grunt-tasks": "^4.0.0",
      "@grafana/data": "6.6.2",
      "@grafana/toolkit": "6.6.2",
      "@grafana/ui": "6.6.2"
    },
    "dependencies": {
      "babel-plugin-transform-es2015-for-of": "^6.6.0",
      "babel-plugin-transform-es2015-modules-systemjs": "^6.5.0",
      "babel-preset-es2015": "^6.5.0",
      "lodash": "^4.17.11",
      "flot": "^4.1.1",
      "jquery": "^3.4.1",
      "jquery.flot": "^0.8.3",
    }
  }

yarn manifest: 
  No manifest

Lockfile: 
  No lockfile
